<?xml version="1.0" encoding="UTF-8"?>
<!-- Generated by org.testng.reporters.JUnitXMLReporter -->
<testsuite ignored="1" hostname="LAPTOP-4RBB3DGA" failures="0" tests="2" name="Default test" time="8.906" errors="0" timestamp="15 Jul. 2021 00:45:15 GMT">
  <testcase classname="com.qa.para.tests.HomePageTest" name="verifyHomepageTitleTest" time="0.01"/>
  <testcase classname="com.qa.para.tests.HomePageTest" name="verifyrequestloanlink" time="0.094"/>
  <testcase classname="com.qa.para.tests.HomePageTest" name="verifyAccountNumber" time="0.0">
    <ignored/>
  </testcase> <!-- verifyAccountNumber -->
</testsuite> <!-- Default test -->
