<?xml version="1.0" encoding="UTF-8"?>
<!-- Generated by org.testng.reporters.JUnitXMLReporter -->
<testsuite ignored="0" hostname="LAPTOP-4RBB3DGA" failures="0" tests="3" name="Default test" time="7.008" errors="0" timestamp="18 Jul. 2021 02:57:07 GMT">
  <testcase classname="com.qa.para.tests.ContactsPageTest" name="verifyContactsPageTitleTest" time="0.026"/>
  <testcase classname="com.qa.para.tests.ContactsPageTest" name="billpayment" time="0.82"/>
  <testcase classname="com.qa.para.tests.ContactsPageTest" name="verifyConfirmation" time="0.044"/>
</testsuite> <!-- Default test -->
