<?xml version="1.0" encoding="UTF-8"?>
<!-- Generated by org.testng.reporters.JUnitXMLReporter -->
<testsuite ignored="1" hostname="LAPTOP-4RBB3DGA" failures="0" tests="2" name="home page test" time="20.309" errors="0" timestamp="27 Jul 2021 23:13:08 GMT">
  <testcase classname="com.qa.para.tests.HomePageTest" name="verifyHomepageTitleTest" time="0.02"/>
  <testcase classname="com.qa.para.tests.HomePageTest" name="verifyrequestloanlink" time="0.085"/>
  <testcase classname="com.qa.para.tests.HomePageTest" name="verifyAccountNumber" time="0.0">
    <ignored/>
  </testcase> <!-- verifyAccountNumber -->
</testsuite> <!-- home page test -->
