<?xml version="1.0" encoding="UTF-8"?>
<!-- Generated by org.testng.reporters.JUnitXMLReporter -->
<testsuite ignored="0" hostname="LAPTOP-4RBB3DGA" failures="0" tests="3" name="login page test" time="9.297" errors="0" timestamp="29 Jul. 2021 00:10:15 GMT">
  <testcase classname="com.qa.para.tests.LoginPageTest" name="verifyForgotPWDLinkTest" time="0.302"/>
  <testcase classname="com.qa.para.tests.LoginPageTest" name="verifyLoginpageTitleTest" time="0.067"/>
  <testcase classname="com.qa.para.tests.LoginPageTest" name="loginTest" time="1.254"/>
</testsuite> <!-- login page test -->
