<?xml version="1.0" encoding="UTF-8"?>
<!-- Generated by org.testng.reporters.JUnitXMLReporter -->
<testsuite ignored="0" hostname="LAPTOP-4RBB3DGA" failures="0" tests="3" name="login page test" time="20.342" errors="0" timestamp="27 Jul 2021 23:13:08 GMT">
  <testcase classname="com.qa.para.tests.LoginPageTest" name="verifyForgotPWDLinkTest" time="0.282"/>
  <testcase classname="com.qa.para.tests.LoginPageTest" name="verifyLoginpageTitleTest" time="0.133"/>
  <testcase classname="com.qa.para.tests.LoginPageTest" name="loginTest" time="2.44"/>
</testsuite> <!-- login page test -->
