<?xml version="1.0" encoding="UTF-8"?>
<!-- Generated by org.testng.reporters.JUnitXMLReporter -->
<testsuite ignored="0" hostname="LAPTOP-4RBB3DGA" failures="0" tests="3" name="contacts page test" time="9.394" errors="0" timestamp="18 Jul. 2021 02:42:24 GMT">
  <testcase classname="com.qa.para.tests.ContactsPageTest" name="verifyContactsPageTitleTest" time="0.018"/>
  <testcase classname="com.qa.para.tests.ContactsPageTest" name="billpayment" time="1.195"/>
  <testcase classname="com.qa.para.tests.ContactsPageTest" name="verifyConfirmation" time="0.073"/>
</testsuite> <!-- contacts page test -->
