<?xml version="1.0" encoding="UTF-8"?>
<!-- Generated by org.testng.reporters.JUnitXMLReporter -->
<testsuite ignored="0" hostname="LAPTOP-4RBB3DGA" failures="0" tests="3" name="contacts page test" time="10.443" errors="0" timestamp="22 Jul. 2021 03:45:06 GMT">
  <testcase classname="com.qa.para.tests.ContactsPageTest" name="verifyContactsPageTitleTest" time="0.03"/>
  <testcase classname="com.qa.para.tests.ContactsPageTest" name="billpayment" time="1.273"/>
  <testcase classname="com.qa.para.tests.ContactsPageTest" name="verifyConfirmation" time="0.072"/>
</testsuite> <!-- contacts page test -->
