<?xml version="1.0" encoding="UTF-8"?>
<!-- Generated by org.testng.reporters.JUnitXMLReporter -->
<testsuite ignored="1" hostname="LAPTOP-4RBB3DGA" failures="0" tests="2" name="home page test" time="11.034" errors="0" timestamp="15 Jul. 2021 04:00:36 GMT">
  <testcase classname="com.qa.para.tests.HomePageTest" name="verifyHomepageTitleTest" time="0.023"/>
  <testcase classname="com.qa.para.tests.HomePageTest" name="verifyrequestloanlink" time="0.068"/>
  <testcase classname="com.qa.para.tests.HomePageTest" name="verifyAccountNumber" time="0.0">
    <ignored/>
  </testcase> <!-- verifyAccountNumber -->
</testsuite> <!-- home page test -->
