<?xml version="1.0" encoding="UTF-8"?>
<!-- Generated by org.testng.reporters.JUnitXMLReporter -->
<testsuite ignored="0" hostname="LAPTOP-4RBB3DGA" failures="0" tests="3" name="login page test" time="11.55" errors="0" timestamp="24 Jul 2021 19:47:53 GMT">
  <testcase classname="com.qa.para.tests.LoginPageTest" name="verifyForgotPWDLinkTest" time="0.601"/>
  <testcase classname="com.qa.para.tests.LoginPageTest" name="verifyLoginpageTitleTest" time="0.467"/>
  <testcase classname="com.qa.para.tests.LoginPageTest" name="loginTest" time="1.37"/>
</testsuite> <!-- login page test -->
