<?xml version="1.0" encoding="UTF-8"?>
<!-- Generated by org.testng.reporters.JUnitXMLReporter -->
<testsuite ignored="0" hostname="LAPTOP-4RBB3DGA" failures="0" tests="3" name="login page test" time="7.069" errors="0" timestamp="16 Jul. 2021 04:35:00 GMT">
  <testcase classname="com.qa.para.tests.LoginPageTest" name="verifyForgotPWDLinkTest" time="0.1"/>
  <testcase classname="com.qa.para.tests.LoginPageTest" name="verifyLoginpageTitleTest" time="0.022"/>
  <testcase classname="com.qa.para.tests.LoginPageTest" name="loginTest" time="1.001"/>
</testsuite> <!-- login page test -->
