<?xml version="1.0" encoding="UTF-8"?>
<testng-results ignored="1" total="6" passed="5" failed="0" skipped="0">
  <reporter-output>
  </reporter-output>
  <suite started-at="2021-07-16T02:41:15Z" name="Hub spot Test automtion regression suite" finished-at="2021-07-16T02:41:25Z" duration-ms="10147">
    <groups>
    </groups>
    <test started-at="2021-07-16T02:41:15Z" name="login page test" finished-at="2021-07-16T02:41:25Z" duration-ms="9760">
      <class name="com.qa.para.tests.LoginPageTest">
        <test-method is-config="true" signature="setUp()[pri:0, instance:com.qa.para.tests.LoginPageTest@3098cf3b]" started-at="2021-07-16T02:41:15Z" name="setUp" finished-at="2021-07-16T02:41:23Z" duration-ms="7940" status="PASS">
          <reporter-output>
          </reporter-output>
        </test-method> <!-- setUp -->
        <test-method signature="verifyForgotPWDLinkTest()[pri:1, instance:com.qa.para.tests.LoginPageTest@3098cf3b]" started-at="2021-07-16T02:41:23Z" name="verifyForgotPWDLinkTest" finished-at="2021-07-16T02:41:23Z" duration-ms="63" status="PASS">
          <reporter-output>
          </reporter-output>
        </test-method> <!-- verifyForgotPWDLinkTest -->
        <test-method signature="verifyLoginpageTitleTest()[pri:2, instance:com.qa.para.tests.LoginPageTest@3098cf3b]" started-at="2021-07-16T02:41:23Z" name="verifyLoginpageTitleTest" finished-at="2021-07-16T02:41:23Z" duration-ms="8" status="PASS">
          <reporter-output>
          </reporter-output>
        </test-method> <!-- verifyLoginpageTitleTest -->
        <test-method signature="loginTest()[pri:3, instance:com.qa.para.tests.LoginPageTest@3098cf3b]" started-at="2021-07-16T02:41:23Z" name="loginTest" finished-at="2021-07-16T02:41:24Z" duration-ms="974" status="PASS">
          <reporter-output>
          </reporter-output>
        </test-method> <!-- loginTest -->
        <test-method is-config="true" signature="tearDown()[pri:0, instance:com.qa.para.tests.LoginPageTest@3098cf3b]" started-at="2021-07-16T02:41:24Z" name="tearDown" finished-at="2021-07-16T02:41:25Z" duration-ms="752" status="PASS">
          <reporter-output>
          </reporter-output>
        </test-method> <!-- tearDown -->
      </class> <!-- com.qa.para.tests.LoginPageTest -->
    </test> <!-- login page test -->
    <test started-at="2021-07-16T02:41:15Z" name="home page test" finished-at="2021-07-16T02:41:25Z" duration-ms="10147">
      <class name="com.qa.para.tests.HomePageTest">
        <test-method is-config="true" signature="setUp()[pri:0, instance:com.qa.para.tests.HomePageTest@36d585c]" started-at="2021-07-16T02:41:15Z" name="setUp" finished-at="2021-07-16T02:41:23Z" duration-ms="8125" status="PASS">
          <reporter-output>
          </reporter-output>
        </test-method> <!-- setUp -->
        <test-method is-config="true" signature="homeSetUp()[pri:0, instance:com.qa.para.tests.HomePageTest@36d585c]" started-at="2021-07-16T02:41:23Z" name="homeSetUp" finished-at="2021-07-16T02:41:24Z" duration-ms="1289" status="PASS">
          <reporter-output>
          </reporter-output>
        </test-method> <!-- homeSetUp -->
        <test-method signature="verifyHomepageTitleTest()[pri:2, instance:com.qa.para.tests.HomePageTest@36d585c]" started-at="2021-07-16T02:41:24Z" name="verifyHomepageTitleTest" finished-at="2021-07-16T02:41:25Z" duration-ms="25" status="PASS">
          <reporter-output>
          </reporter-output>
        </test-method> <!-- verifyHomepageTitleTest -->
        <test-method signature="verifyrequestloanlink()[pri:3, instance:com.qa.para.tests.HomePageTest@36d585c]" started-at="2021-07-16T02:41:25Z" name="verifyrequestloanlink" finished-at="2021-07-16T02:41:25Z" duration-ms="50" status="PASS">
          <reporter-output>
          </reporter-output>
        </test-method> <!-- verifyrequestloanlink -->
        <test-method is-config="true" signature="tearDown()[pri:0, instance:com.qa.para.tests.HomePageTest@36d585c]" started-at="2021-07-16T02:41:25Z" name="tearDown" finished-at="2021-07-16T02:41:25Z" duration-ms="653" status="PASS">
          <reporter-output>
          </reporter-output>
        </test-method> <!-- tearDown -->
      </class> <!-- com.qa.para.tests.HomePageTest -->
    </test> <!-- home page test -->
  </suite> <!-- Hub spot Test automtion regression suite -->
</testng-results>
