<?xml version="1.0" encoding="UTF-8"?>
<testng-results ignored="1" total="9" passed="7" failed="1" skipped="0">
  <reporter-output>
  </reporter-output>
  <suite started-at="2021-07-27T23:12:48Z" name="Para Bank Test automtion regression suite" finished-at="2021-07-27T23:13:11Z" duration-ms="22816">
    <groups>
    </groups>
    <test started-at="2021-07-27T23:12:48Z" name="home page test" finished-at="2021-07-27T23:13:08Z" duration-ms="20309">
      <class name="com.qa.para.tests.HomePageTest">
        <test-method is-config="true" signature="setUp()[pri:0, instance:com.qa.para.tests.HomePageTest@51c959a4]" started-at="2021-07-27T23:12:49Z" name="setUp" finished-at="2021-07-27T23:13:05Z" duration-ms="16716" status="PASS">
          <reporter-output>
          </reporter-output>
        </test-method> <!-- setUp -->
        <test-method is-config="true" signature="homeSetUp()[pri:0, instance:com.qa.para.tests.HomePageTest@51c959a4]" started-at="2021-07-27T23:13:05Z" name="homeSetUp" finished-at="2021-07-27T23:13:07Z" duration-ms="2003" status="PASS">
          <reporter-output>
          </reporter-output>
        </test-method> <!-- homeSetUp -->
        <test-method signature="verifyHomepageTitleTest()[pri:2, instance:com.qa.para.tests.HomePageTest@51c959a4]" started-at="2021-07-27T23:13:07Z" name="verifyHomepageTitleTest" finished-at="2021-07-27T23:13:07Z" duration-ms="20" status="PASS">
          <reporter-output>
          </reporter-output>
        </test-method> <!-- verifyHomepageTitleTest -->
        <test-method signature="verifyrequestloanlink()[pri:3, instance:com.qa.para.tests.HomePageTest@51c959a4]" started-at="2021-07-27T23:13:07Z" name="verifyrequestloanlink" finished-at="2021-07-27T23:13:08Z" duration-ms="85" status="PASS">
          <reporter-output>
          </reporter-output>
        </test-method> <!-- verifyrequestloanlink -->
        <test-method is-config="true" signature="tearDown()[pri:0, instance:com.qa.para.tests.HomePageTest@51c959a4]" started-at="2021-07-27T23:13:08Z" name="tearDown" finished-at="2021-07-27T23:13:08Z" duration-ms="791" status="PASS">
          <reporter-output>
          </reporter-output>
        </test-method> <!-- tearDown -->
      </class> <!-- com.qa.para.tests.HomePageTest -->
    </test> <!-- home page test -->
    <test started-at="2021-07-27T23:12:48Z" name="login page test" finished-at="2021-07-27T23:13:08Z" duration-ms="20342">
      <class name="com.qa.para.tests.LoginPageTest">
        <test-method is-config="true" signature="setUp()[pri:0, instance:com.qa.para.tests.LoginPageTest@de8039f]" started-at="2021-07-27T23:12:48Z" name="setUp" finished-at="2021-07-27T23:13:05Z" duration-ms="16542" status="PASS">
          <reporter-output>
          </reporter-output>
        </test-method> <!-- setUp -->
        <test-method signature="verifyForgotPWDLinkTest()[pri:1, instance:com.qa.para.tests.LoginPageTest@de8039f]" started-at="2021-07-27T23:13:05Z" name="verifyForgotPWDLinkTest" finished-at="2021-07-27T23:13:05Z" duration-ms="282" status="PASS">
          <reporter-output>
          </reporter-output>
        </test-method> <!-- verifyForgotPWDLinkTest -->
        <test-method signature="verifyLoginpageTitleTest()[pri:2, instance:com.qa.para.tests.LoginPageTest@de8039f]" started-at="2021-07-27T23:13:05Z" name="verifyLoginpageTitleTest" finished-at="2021-07-27T23:13:05Z" duration-ms="133" status="PASS">
          <reporter-output>
          </reporter-output>
        </test-method> <!-- verifyLoginpageTitleTest -->
        <test-method signature="loginTest()[pri:3, instance:com.qa.para.tests.LoginPageTest@de8039f]" started-at="2021-07-27T23:13:05Z" name="loginTest" finished-at="2021-07-27T23:13:08Z" duration-ms="2440" status="PASS">
          <reporter-output>
          </reporter-output>
        </test-method> <!-- loginTest -->
        <test-method is-config="true" signature="tearDown()[pri:0, instance:com.qa.para.tests.LoginPageTest@de8039f]" started-at="2021-07-27T23:13:08Z" name="tearDown" finished-at="2021-07-27T23:13:08Z" duration-ms="790" status="PASS">
          <reporter-output>
          </reporter-output>
        </test-method> <!-- tearDown -->
      </class> <!-- com.qa.para.tests.LoginPageTest -->
    </test> <!-- login page test -->
    <test started-at="2021-07-27T23:12:48Z" name="contacts page test" finished-at="2021-07-27T23:13:11Z" duration-ms="22815">
      <class name="com.qa.para.tests.ContactsPageTest">
        <test-method is-config="true" signature="setUp()[pri:0, instance:com.qa.para.tests.ContactsPageTest@6d1dcdff]" started-at="2021-07-27T23:12:48Z" name="setUp" finished-at="2021-07-27T23:13:05Z" duration-ms="16754" status="PASS">
          <reporter-output>
          </reporter-output>
        </test-method> <!-- setUp -->
        <test-method is-config="true" signature="ContactsPageSetUp()[pri:0, instance:com.qa.para.tests.ContactsPageTest@6d1dcdff]" started-at="2021-07-27T23:13:05Z" name="ContactsPageSetUp" finished-at="2021-07-27T23:13:08Z" duration-ms="3127" status="PASS">
          <reporter-output>
          </reporter-output>
        </test-method> <!-- ContactsPageSetUp -->
        <test-method signature="verifyContactsPageTitleTest()[pri:1, instance:com.qa.para.tests.ContactsPageTest@6d1dcdff]" started-at="2021-07-27T23:13:08Z" name="verifyContactsPageTitleTest" finished-at="2021-07-27T23:13:08Z" duration-ms="35" status="PASS">
          <reporter-output>
          </reporter-output>
        </test-method> <!-- verifyContactsPageTitleTest -->
        <test-method signature="billpayment()[pri:2, instance:com.qa.para.tests.ContactsPageTest@6d1dcdff]" started-at="2021-07-27T23:13:08Z" name="billpayment" finished-at="2021-07-27T23:13:10Z" duration-ms="1751" status="FAIL">
          <exception class="org.openqa.selenium.NoSuchElementException">
            <message>
              <![CDATA[Cannot locate option with value: 13455
For documentation on this error, please visit: https://www.seleniumhq.org/exceptions/no_such_element.html
Build info: version: '3.141.59', revision: 'e82be7d358', time: '2018-11-14T08:17:03'
System info: host: 'LAPTOP-4RBB3DGA', ip: '192.168.2.19', os.name: 'Windows 10', os.arch: 'amd64', os.version: '10.0', java.version: '15.0.2'
Driver info: driver.version: unknown]]>
            </message>
            <full-stacktrace>
              <![CDATA[org.openqa.selenium.NoSuchElementException: Cannot locate option with value: 13455
For documentation on this error, please visit: https://www.seleniumhq.org/exceptions/no_such_element.html
Build info: version: '3.141.59', revision: 'e82be7d358', time: '2018-11-14T08:17:03'
System info: host: 'LAPTOP-4RBB3DGA', ip: '192.168.2.19', os.name: 'Windows 10', os.arch: 'amd64', os.version: '10.0', java.version: '15.0.2'
Driver info: driver.version: unknown
at org.openqa.selenium.support.ui.Select.findOptionsByValue(Select.java:283)
at org.openqa.selenium.support.ui.Select.selectByValue(Select.java:186)
at com.qa.para.utils.ElementUtil.doSelectByValue(ElementUtil.java:84)
at com.qa.para.pages.ContactsPage.doBillPayment(ContactsPage.java:58)
at com.qa.para.tests.ContactsPageTest.billpayment(ContactsPageTest.java:30)
at java.base/jdk.internal.reflect.NativeMethodAccessorImpl.invoke0(Native Method)
at java.base/jdk.internal.reflect.NativeMethodAccessorImpl.invoke(NativeMethodAccessorImpl.java:64)
at java.base/jdk.internal.reflect.DelegatingMethodAccessorImpl.invoke(DelegatingMethodAccessorImpl.java:43)
at java.base/java.lang.reflect.Method.invoke(Method.java:564)
at org.testng.internal.MethodInvocationHelper.invokeMethod(MethodInvocationHelper.java:124)
at org.testng.internal.Invoker.invokeMethod(Invoker.java:583)
at org.testng.internal.Invoker.invokeTestMethod(Invoker.java:719)
at org.testng.internal.Invoker.invokeTestMethods(Invoker.java:989)
at org.testng.internal.TestMethodWorker.invokeTestMethods(TestMethodWorker.java:125)
at org.testng.internal.TestMethodWorker.run(TestMethodWorker.java:109)
at org.testng.TestRunner.privateRun(TestRunner.java:648)
at org.testng.TestRunner.run(TestRunner.java:505)
at org.testng.SuiteRunner.runTest(SuiteRunner.java:455)
at org.testng.SuiteRunner.access$000(SuiteRunner.java:40)
at org.testng.SuiteRunner$SuiteWorker.run(SuiteRunner.java:489)
at org.testng.internal.thread.ThreadUtil$1.call(ThreadUtil.java:52)
at java.base/java.util.concurrent.FutureTask.run(FutureTask.java:264)
at java.base/java.util.concurrent.ThreadPoolExecutor.runWorker(ThreadPoolExecutor.java:1130)
at java.base/java.util.concurrent.ThreadPoolExecutor$Worker.run(ThreadPoolExecutor.java:630)
at java.base/java.lang.Thread.run(Thread.java:832)
]]>
            </full-stacktrace>
          </exception> <!-- org.openqa.selenium.NoSuchElementException -->
          <reporter-output>
          </reporter-output>
        </test-method> <!-- billpayment -->
        <test-method signature="verifyConfirmation()[pri:3, instance:com.qa.para.tests.ContactsPageTest@6d1dcdff]" started-at="2021-07-27T23:13:10Z" name="verifyConfirmation" finished-at="2021-07-27T23:13:10Z" depends-on-methods="com.qa.para.tests.ContactsPageTest.verifyContactsPageTitleTest" duration-ms="47" status="PASS">
          <reporter-output>
          </reporter-output>
        </test-method> <!-- verifyConfirmation -->
        <test-method is-config="true" signature="tearDown()[pri:0, instance:com.qa.para.tests.ContactsPageTest@6d1dcdff]" started-at="2021-07-27T23:13:10Z" name="tearDown" finished-at="2021-07-27T23:13:11Z" duration-ms="716" status="PASS">
          <reporter-output>
          </reporter-output>
        </test-method> <!-- tearDown -->
      </class> <!-- com.qa.para.tests.ContactsPageTest -->
    </test> <!-- contacts page test -->
  </suite> <!-- Para Bank Test automtion regression suite -->
</testng-results>
